[08/16/23 22:23:44] Log: Log file open, 08/16/23 22:23:44
[08/16/23 22:23:44] Map: CTF_Engine.ctm
[08/16/23 22:23:44] GameMode: ModMPGame.TAGCTFGame
[08/16/23 22:23:44] Team: team_list 0 :  (0,Pie) (0,Skate) (0,Azure)
[08/16/23 22:23:44] Team: team_list 1 :  (0,-=TAG=-Helios™) (0,Deks) (0,Husky)
[08/16/23 22:23:44] StartGame: Match is live
[08/16/23 22:23:55] Kill: 0 0 spine2 0.00
[08/16/23 22:24:04] Kill: 0 0 Head 0.00
[08/16/23 22:24:08] Kill: 0 0 elbow_R 0.00
[08/16/23 22:24:10] Kill: 0 0 None 0.00
[08/16/23 22:24:12] Flag: flag_ret_friendly_2 0
[08/16/23 22:24:19] Kill: 0 0 Head 1.00
[08/16/23 22:24:43] Kill: 0 0 spine2 2.00
[08/16/23 22:24:44] Kill: 0 0 spine2 1.00
[08/16/23 22:24:48] Kill: 0 0 pelvis 0.00
[08/16/23 22:25:04] Kill: 0 0 spine3 1.00
[08/16/23 22:25:05] Flag: flag_ret_friendly_2 0
[08/16/23 22:25:10] Kill: 0 0 None 2.00
[08/16/23 22:25:20] Kill: 0 0 None 3.00
[08/16/23 22:25:29] Kill: 0 0 spine2 2.00
[08/16/23 22:25:32] Flag: flag_ret_friendly_2 0
[08/16/23 22:25:42] Kill: 0 0 spine3 3.00
[08/16/23 22:25:45] Kill: 0 0 hip_L 3.00
[08/16/23 22:25:46] Flag: flag_ret_friendly_2 0
[08/16/23 22:25:54] Kill: 0 0 elbow_L 1.00
[08/16/23 22:25:55] Kill: 0 0 spine2 6.00
[08/16/23 22:25:56] Flag: flag_ret_friendly_2 0
[08/16/23 22:25:56] Flag: flag_ret_friendly_2 0
[08/16/23 22:26:05] Kill: 0 0 None 6.00
[08/16/23 22:26:10] Kill: 0 0 elbow_L 4.00
[08/16/23 22:26:28] Kill: 0 0 None 7.00
[08/16/23 22:26:32] Kill: 0 0 elbow_R 4.00
[08/16/23 22:26:33] Kill: 0 0 elbow_R 8.00
[08/16/23 22:26:40] Kill: 0 0 None 3.00
[08/16/23 22:26:42] Flag: flag_ret_friendly_2 0
[08/16/23 22:27:01] Kill: 0 0 None 9.00
[08/16/23 22:27:04] Kill: 0 0 pelvis 9.00
[08/16/23 22:27:04] Kill: 0 0 spine3 2.00
[08/16/23 22:27:05] Kill: 0 0 None 6.00
[08/16/23 22:27:16] Kill: 0 0 None 5.00
[08/16/23 22:27:16] Kill: 0 0 None 6.00
[08/16/23 22:27:18] Flag: flag_ret_friendly_2 0
[08/16/23 22:27:32] Kill: 0 0 elbow_R 7.00
[08/16/23 22:27:33] Kill: 0 0 elbow_R 10.00
[08/16/23 22:27:40] Kill: 0 0 hip_R 7.00
[08/16/23 22:27:54] Kill: 0 0 Head 8.00
[08/16/23 22:28:13] Kill: 0 0 Head 8.00
[08/16/23 22:28:27] Kill: 0 0 Head 5.00
[08/16/23 22:28:28] Kill: 0 0 None 3.00
[08/16/23 22:28:30] Kill: 0 0 spine3 11.00
[08/16/23 22:28:30] Kill: 0 0 None 10.00
[08/16/23 22:28:36] Flag: flag_ret_friendly_2 0
[08/16/23 22:28:41] Kill: 0 0 None 4.00
[08/16/23 22:28:55] Flag: flag_cap_final_5 0
[08/16/23 22:28:55] Flag: flag_captured 0 1.00
[08/16/23 22:28:56] Kill: 0 0 elbow_L 5.00
[08/16/23 22:28:59] Kill: 0 0 Head 14.00
[08/16/23 22:29:25] Kill: 0 0 elbow_R 6.00
[08/16/23 22:29:35] Kill: 0 0 elbow_R 7.00
[08/16/23 22:29:36] Kill: 0 0 spine3 16.00
[08/16/23 22:29:41] Kill: 0 0 Head 9.00
[08/16/23 22:29:43] Flag: flag_ret_friendly_2 0
[08/16/23 22:29:44] Kill: 0 0 Head 15.00
[08/16/23 22:30:08] Kill: 0 0 spine2 12.00
[08/16/23 22:30:14] Kill: 0 0 shoulder_L 6.00
[08/16/23 22:30:18] Kill: 0 0 None 17.00
[08/16/23 22:30:24] Kill: 0 0 spine2 13.00
[08/16/23 22:30:26] Kill: 0 0 Head 16.00
[08/16/23 22:30:26] Flag: flag_ret_friendly_2 0
[08/16/23 22:30:32] Kill: 0 0 elbow_L 7.00
[08/16/23 22:30:38] Kill: 0 0 elbow_R 8.00
[08/16/23 22:30:44] Kill: 0 0 elbow_R 9.00
[08/16/23 22:30:48] Kill: 0 0 elbow_R 17.00
[08/16/23 22:30:50] Kill: 0 0 spine3 10.00
[08/16/23 22:30:52] Kill: 0 0 Head 6.00
[08/16/23 22:31:03] Kill: 0 0 spine2 11.00
[08/16/23 22:31:09] Kill: 0 0 shoulder_R 7.00
[08/16/23 22:31:31] Kill: 0 0 Head 18.00
[08/16/23 22:31:32] Kill: 0 0 None 16.00
[08/16/23 22:31:41] Kill: 0 0 shoulder_R 12.00
[08/16/23 22:31:49] Kill: 0 0 elbow_L 19.00
[08/16/23 22:31:49] Kill: 0 0 Head 8.00
[08/16/23 22:31:53] Kill: 0 0 Head 9.00
[08/16/23 22:32:00] Kill: 0 0 None 9.00
[08/16/23 22:32:03] Kill: 0 0 None 10.00
[08/16/23 22:32:06] Flag: flag_ret_friendly_2 0
[08/16/23 22:32:16] Kill: 0 0 hip_L 17.00
[08/16/23 22:32:35] Kill: 0 0 spine2 18.00
[08/16/23 22:32:42] Flag: flag_ret_friendly_2 0
[08/16/23 22:32:54] Kill: 0 0 Head 20.00
[08/16/23 22:32:57] Kill: 0 0 Head 11.00
[08/16/23 22:33:24] Kill: 0 0 None 18.00
[08/16/23 22:33:26] Kill: 0 0 elbow_R 21.00
[08/16/23 22:33:35] Kill: 0 0 elbow_L 12.00
[08/16/23 22:33:47] Kill: 0 0 spine2 19.00
[08/16/23 22:34:05] Kill: 0 0 elbow_L 10.00
[08/16/23 22:34:08] Kill: 0 0 elbow_L 13.00
[08/16/23 22:34:18] Kill: 0 0 Head 11.00
[08/16/23 22:34:28] Kill: 0 0 shoulder_R 12.00
[08/16/23 22:34:29] Kill: 0 0 Head 13.00
[08/16/23 22:34:30] Flag: flag_ret_friendly_2 0
[08/16/23 22:34:31] Flag: flag_cap_final_5 0
[08/16/23 22:34:31] Flag: flag_captured 0 2.00
[08/16/23 22:34:35] Kill: 0 0 elbow_R 21.00
[08/16/23 22:34:44] Kill: 0 0 None 22.00
[08/16/23 22:34:46] Kill: 0 0 None 27.00
[08/16/23 22:34:52] Kill: 0 0 None 28.00
[08/16/23 22:34:55] Flag: flag_ret_friendly_2 0
[08/16/23 22:34:59] Flag: flag_cap_final_5 0
[08/16/23 22:34:59] Flag: flag_captured 0 3.00
[08/16/23 22:34:59] EndGame: teamscorelimit
[08/16/23 22:35:13] EndGame: mapchange
[08/16/23 22:35:17] Leave: 0
[08/16/23 22:35:17] Leave: 0
[08/16/23 22:35:17] Leave: 0
[08/16/23 22:35:17] Leave: 0
[08/16/23 22:35:17] Leave: 0
[08/16/23 22:35:17] Leave: 0
[08/16/23 22:35:47] Map: CTF_Siege
[08/16/23 22:35:47] GameMode: ModMPGame.TAGCTFGame
[08/16/23 22:35:47] Team: team_list 0 :  (0,Husky) (0,Deks) (0,-=TAG=-Helios™)
[08/16/23 22:35:47] Team: team_list 1 :  (0,Azure) (0,Pie) (0,Skate)
[08/16/23 22:35:47] StartGame: Match is live
[08/16/23 22:35:54] Kill: 0 0 head 0.00
[08/16/23 22:35:56] Kill: 0 0 spine3 0.00
[08/16/23 22:36:03] Kill: 0 0 spine3 0.00
[08/16/23 22:36:07] Kill: 0 0 elbow_L 1.00
[08/16/23 22:36:13] Kill: 0 0 None 0.00
[08/16/23 22:36:18] Flag: flag_ret_friendly_2 0
[08/16/23 22:36:19] Kill: 0 0 elbow_L 1.00
[08/16/23 22:36:20] Kill: 0 0 spine2 3.00
[08/16/23 22:36:23] Kill: 0 0 head 0.00
[08/16/23 22:36:31] Kill: 0 0 elbow_L 4.00
[08/16/23 22:36:38] Kill: 0 0 head 2.00
[08/16/23 22:36:38] Kill: 0 0 head 1.00
[08/16/23 22:36:41] Kill: 0 0 head 2.00
[08/16/23 22:36:48] Kill: 0 0 spine2 3.00
[08/16/23 22:36:54] Kill: 0 0 hip_R 0.00
[08/16/23 22:36:55] Kill: 0 0 spine2 3.00
[08/16/23 22:36:55] Kill: 0 0 head 2.00
[08/16/23 22:37:00] Kill: 0 0 shoulder_R 5.00
[08/16/23 22:37:04] Flag: flag_ret_friendly_2 0
[08/16/23 22:37:05] Kill: 0 0 knee_L 4.00
[08/16/23 22:37:10] Kill: 0 0 elbow_L 1.00
[08/16/23 22:37:14] Kill: 0 0 head 5.00
[08/16/23 22:37:22] Kill: 0 0 hip_L 3.00
[08/16/23 22:37:26] Kill: 0 0 head 1.00
[08/16/23 22:37:31] Kill: 0 0 elbow_L 8.00
[08/16/23 22:37:34] Flag: flag_ret_friendly_2 0
[08/16/23 22:37:39] Kill: 0 0 spine2 6.00
[08/16/23 22:37:40] Kill: 0 0 head 2.00
[08/16/23 22:37:47] Kill: 0 0 None 2.00
[08/16/23 22:37:51] Kill: 0 0 shoulder_R 4.00
[08/16/23 22:37:58] Name: 0 Pie Twrch
[08/16/23 22:38:01] Kill: 0 0 spine2 3.00
[08/16/23 22:38:10] Kill: 0 0 elbow_R 5.00
[08/16/23 22:38:20] Kill: 0 0 elbow_L 11.00
[08/16/23 22:38:23] Kill: 0 0 spine2 3.00
[08/16/23 22:38:26] Kill: 0 0 shoulder_L 6.00
[08/16/23 22:38:29] Kill: 0 0 spine2 7.00
[08/16/23 22:38:30] Kill: 0 0 None 7.00
[08/16/23 22:38:32] Flag: flag_ret_friendly_2 0
[08/16/23 22:38:41] Kill: 0 0 elbow_L 12.00
[08/16/23 22:38:43] Kill: 0 0 elbow_R 8.00
[08/16/23 22:38:53] Kill: 0 0 spine3 4.00
[08/16/23 22:38:57] Kill: 0 0 pelvis 10.00
[08/16/23 22:39:02] Kill: 0 0 spine3 4.00
[08/16/23 22:39:05] Kill: 0 0 None 4.00
[08/16/23 22:39:13] Kill: 0 0 elbow_L 5.00
[08/16/23 22:39:19] Kill: 0 0 head 9.00
[08/16/23 22:39:20] Kill: 0 0 None 11.00
[08/16/23 22:39:23] Kill: 0 0 elbow_R 5.00
[08/16/23 22:39:33] Kill: 0 0 head 6.00
[08/16/23 22:39:36] Kill: 0 0 spine3 5.00
[08/16/23 22:39:42] Kill: 0 0 None 13.00
[08/16/23 22:39:44] Kill: 0 0 shoulder_R 14.00
[08/16/23 22:39:50] Kill: 0 0 spine3 15.00
[08/16/23 22:39:53] Kill: 0 0 hip_L 16.00
[08/16/23 22:39:53] Kill: 0 0 None 10.00
[08/16/23 22:39:56] Flag: flag_ret_friendly_2 0
[08/16/23 22:39:58] Kill: 0 0 spine3 17.00
[08/16/23 22:40:04] Kill: 0 0 None 6.00
[08/16/23 22:40:16] Kill: 0 0 elbow_L 10.00
[08/16/23 22:40:16] Kill: 0 0 spine2 7.00
[08/16/23 22:40:24] Kill: 0 0 hip_R 8.00
[08/16/23 22:40:28] Flag: flag_ret_friendly_2 0
[08/16/23 22:40:28] Kill: 0 0 spine2 6.00
[08/16/23 22:40:28] Kill: 0 0 spine2 13.00
[08/16/23 22:40:37] Kill: 0 0 head 11.00
[08/16/23 22:40:42] Kill: 0 0 spine2 11.00
[08/16/23 22:40:44] Kill: 0 0 hip_L 18.00
[08/16/23 22:40:53] Kill: 0 0 head 12.00
[08/16/23 22:40:58] Kill: 0 0 elbow_L 7.00
[08/16/23 22:41:01] Kill: 0 0 spine2 12.00
[08/16/23 22:41:11] Kill: 0 0 head 13.00
[08/16/23 22:41:13] Kill: 0 0 None 8.00
[08/16/23 22:41:19] Kill: 0 0 spine2 14.00
[08/16/23 22:41:23] Kill: 0 0 None 14.00
[08/16/23 22:41:32] Kill: 0 0 elbow_L 13.00
[08/16/23 22:41:34] Kill: 0 0 spine2 19.00
[08/16/23 22:41:42] Kill: 0 0 head 15.00
[08/16/23 22:41:51] Kill: 0 0 head 16.00
[08/16/23 22:41:59] Kill: 0 0 elbow_R 20.00
[08/16/23 22:42:10] Kill: 0 0 elbow_R 17.00
[08/16/23 22:42:11] Kill: 0 0 elbow_R 15.00
[08/16/23 22:42:14] Kill: 0 0 knee_R 9.00
[08/16/23 22:42:15] Kill: 0 0 shoulder_R 16.00
[08/16/23 22:42:19] Flag: flag_ret_friendly_2 0
[08/16/23 22:42:24] Kill: 0 0 head 16.00
[08/16/23 22:42:25] Kill: 0 0 elbow_L 17.00
[08/16/23 22:42:27] Kill: 0 0 spine2 10.00
[08/16/23 22:42:35] Kill: 0 0 None 11.00
[08/16/23 22:42:45] Kill: 0 0 None 7.00
[08/16/23 22:42:47] Kill: 0 0 spine2 17.00
[08/16/23 22:42:47] Kill: 0 0 hip_L 21.00
[08/16/23 22:42:49] Kill: 0 0 spine3 18.00
[08/16/23 22:42:52] Flag: flag_ret_friendly_2 0
[08/16/23 22:43:01] Kill: 0 0 None 18.00
[08/16/23 22:43:06] Kill: 0 0 head 19.00
[08/16/23 22:43:08] Kill: 0 0 shoulder_R 19.00
[08/16/23 22:43:10] Kill: 0 0 elbow_L 20.00
[08/16/23 22:43:18] Kill: 0 0 None 24.00
[08/16/23 22:43:22] Kill: 0 0 spine2 18.00
[08/16/23 22:43:29] Kill: 0 0 shoulder_L 8.00
[08/16/23 22:43:33] Kill: 0 0 shoulder_L 25.00
[08/16/23 22:43:34] Kill: 0 0 head 12.00
[08/16/23 22:43:35] Kill: 0 0 None 9.00
[08/16/23 22:43:45] Kill: 0 0 elbow_R 21.00
[08/16/23 22:43:48] Kill: 0 0 spine2 22.00
[08/16/23 22:43:57] Kill: 0 0 None 13.00
[08/16/23 22:44:00] Kill: 0 0 spine3 19.00
[08/16/23 22:44:01] Kill: 0 0 spine3 23.00
[08/16/23 22:44:06] Flag: flag_cap_final_5 0
[08/16/23 22:44:06] Flag: flag_captured 0 1.00
[08/16/23 22:44:08] Kill: 0 0 shoulder_R 29.00
[08/16/23 22:44:11] Kill: 0 0 hip_L 26.00
[08/16/23 22:44:14] Flag: flag_ret_friendly_2 0
[08/16/23 22:44:14] Kill: 0 0 head 30.00
[08/16/23 22:44:26] Kill: 0 0 None 20.00
[08/16/23 22:44:27] Kill: 0 0 elbow_L 29.00
[08/16/23 22:44:32] Kill: 0 0 elbow_L 20.00
[08/16/23 22:44:35] Kill: 0 0 head 31.00
[08/16/23 22:44:43] Kill: 0 0 elbow_L 14.00
[08/16/23 22:44:49] Kill: 0 0 elbow_L 30.00
[08/16/23 22:44:54] Kill: 0 0 head 32.00
[08/16/23 22:44:55] Kill: 0 0 shoulder_R 21.00
[08/16/23 22:45:05] Kill: 0 0 elbow_R 22.00
[08/16/23 22:45:07] Kill: 0 0 elbow_L 21.00
[08/16/23 22:45:14] Kill: 0 0 head 22.00
[08/16/23 22:45:17] Kill: 0 0 None 10.00
[08/16/23 22:45:19] Kill: 0 0 knee_R 15.00
[08/16/23 22:45:22] Kill: 0 0 hip_L 33.00
[08/16/23 22:45:27] Kill: 0 0 None 31.00
[08/16/23 22:45:27] Kill: 0 0 None 32.00
[08/16/23 22:45:29] Flag: flag_ret_friendly_2 0
[08/16/23 22:45:31] Kill: 0 0 spine2 23.00
[08/16/23 22:45:34] Kill: 0 0 elbow_R 11.00
[08/16/23 22:45:36] Kill: 0 0 head 16.00
[08/16/23 22:45:40] Kill: 0 0 head 34.00
[08/16/23 22:45:44] Kill: 0 0 elbow_R 33.00
[08/16/23 22:45:53] Kill: 0 0 elbow_R 24.00
[08/16/23 22:45:59] Kill: 0 0 spine3 25.00
[08/16/23 22:46:04] Kill: 0 0 elbow_R 34.00
[08/16/23 22:46:14] Kill: 0 0 hip_R 23.00
[08/16/23 22:46:20] Kill: 0 0 head 35.00
[08/16/23 22:46:20] Kill: 0 0 elbow_R 17.00
[08/16/23 22:46:34] Kill: 0 0 elbow_R 24.00
[08/16/23 22:46:39] Kill: 0 0 knee_R 18.00
[08/16/23 22:46:46] Kill: 0 0 None 19.00
[08/16/23 22:46:52] Kill: 0 0 spine3 36.00
[08/16/23 22:46:55] Kill: 0 0 elbow_L 25.00
[08/16/23 22:46:56] Kill: 0 0 spine2 35.00
[08/16/23 22:47:00] Kill: 0 0 spine2 36.00
[08/16/23 22:47:09] Kill: 0 0 spine3 26.00
[08/16/23 22:47:13] Kill: 0 0 elbow_L 12.00
[08/16/23 22:47:13] Kill: 0 0 elbow_R 27.00
[08/16/23 22:47:31] Kill: 0 0 elbow_L 37.00
[08/16/23 22:47:41] Kill: 0 0 None 26.00
[08/16/23 22:47:44] Flag: flag_ret_friendly_2 0
[08/16/23 22:47:45] Kill: 0 0 head 27.00
[08/16/23 22:47:45] Kill: 0 0 spine3 38.00
[08/16/23 22:47:49] Kill: 0 0 head 28.00
[08/16/23 22:47:57] Kill: 0 0 None 29.00
[08/16/23 22:48:01] Kill: 0 0 shoulder_R 22.00
[08/16/23 22:48:10] Kill: 0 0 hip_R 37.00
[08/16/23 22:48:11] Kill: 0 0 elbow_L 28.00
[08/16/23 22:48:11] Kill: 0 0 head 28.00
[08/16/23 22:48:12] Kill: 0 0 None 23.00
[08/16/23 22:48:23] Kill: 0 0 None 39.00
[08/16/23 22:48:24] Kill: 0 0 elbow_R 29.00
[08/16/23 22:48:28] Kill: 0 0 elbow_L 38.00
[08/16/23 22:48:35] Kill: 0 0 elbow_L 39.00
[08/16/23 22:48:36] Kill: 0 0 spine3 29.00
[08/16/23 22:48:42] Kill: 0 0 head 30.00
[08/16/23 22:48:43] Kill: 0 0 spine3 22.00
[08/16/23 22:48:52] Kill: 0 0 head 31.00
[08/16/23 22:49:00] Kill: 0 0 spine2 40.00
[08/16/23 22:49:05] Kill: 0 0 spine3 32.00
[08/16/23 22:49:08] Kill: 0 0 elbow_R 23.00
[08/16/23 22:49:15] Kill: 0 0 head 40.00
[08/16/23 22:49:22] Kill: 0 0 None 41.00
[08/16/23 22:49:27] Kill: 0 0 None 30.00
[08/16/23 22:49:29] Kill: 0 0 shoulder_R 41.00
[08/16/23 22:49:30] Kill: 0 0 spine3 31.00
[08/16/23 22:49:37] Kill: 0 0 None 42.00
[08/16/23 22:49:41] Kill: 0 0 spine2 43.00
[08/16/23 22:49:47] Kill: 0 0 head 44.00
[08/16/23 22:49:50] Kill: 0 0 spine3 33.00
[08/16/23 22:49:52] Flag: flag_ret_friendly_2 0
[08/16/23 22:49:52] Kill: 0 0 spine3 45.00
[08/16/23 22:49:54] Kill: 0 0 head 36.00
[08/16/23 22:49:55] Kill: 0 0 spine2 46.00
[08/16/23 22:50:03] Kill: 0 0 None 47.00
[08/16/23 22:50:13] Kill: 0 0 hip_L 24.00
[08/16/23 22:50:15] Kill: 0 0 pelvis 32.00
[08/16/23 22:50:20] Kill: 0 0 shoulder_L 33.00
[08/16/23 22:50:27] Kill: 0 0 elbow_L 42.00
[08/16/23 22:50:37] Kill: 0 0 hip_L 43.00
[08/16/23 22:50:40] Kill: 0 0 shoulder_R 48.00
[08/16/23 22:50:41] Kill: 0 0 head 34.00
[08/16/23 22:50:55] Kill: 0 0 spine2 49.00
[08/16/23 22:51:06] Kill: 0 0 head 50.00
[08/16/23 22:51:12] Kill: 0 0 hip_L 25.00
[08/16/23 22:51:12] Kill: 0 0 head 44.00
[08/16/23 22:51:19] Kill: 0 0 None 37.00
[08/16/23 22:51:20] Kill: 0 0 head 51.00
[08/16/23 22:51:25] Flag: flag_cap_final_5 0
[08/16/23 22:51:25] Flag: flag_captured 0 2.00
[08/16/23 22:51:26] Kill: 0 0 head 52.00
[08/16/23 22:51:30] Kill: 0 0 elbow_L 45.00
[08/16/23 22:51:33] Kill: 0 0 shoulder_L 46.00
[08/16/23 22:51:42] Kill: 0 0 pelvis 47.00
[08/16/23 22:51:50] Kill: 0 0 shoulder_R 38.00
[08/16/23 22:52:00] Kill: 0 0 shoulder_L 18.00
[08/16/23 22:52:10] Kill: 0 0 pelvis 19.00
[08/16/23 22:52:19] Kill: 0 0 head 39.00
[08/16/23 22:52:22] Kill: 0 0 head 53.00
[08/16/23 22:52:24] Flag: flag_ret_friendly_2 0
[08/16/23 22:52:30] Kill: 0 0 shoulder_L 54.00
[08/16/23 22:52:34] Kill: 0 0 head 40.00
[08/16/23 22:52:41] Kill: 0 0 elbow_R 28.00
[08/16/23 22:52:45] Kill: 0 0 elbow_L 55.00
[08/16/23 22:52:46] Kill: 0 0 head 20.00
[08/16/23 22:52:57] Kill: 0 0 spine3 56.00
[08/16/23 22:52:59] Kill: 0 0 None 21.00
[08/16/23 22:53:00] Kill: 0 0 shoulder_R 29.00
[08/16/23 22:53:04] Kill: 0 0 head 30.00
[08/16/23 22:53:14] Kill: 0 0 spine3 57.00
[08/16/23 22:53:14] Kill: 0 0 shoulder_L 56.00
[08/16/23 22:53:16] Kill: 0 0 elbow_R 31.00
[08/16/23 22:53:17] Kill: 0 0 spine3 57.00
[08/16/23 22:53:25] Kill: 0 0 head 22.00
[08/16/23 22:53:27] Flag: flag_ret_friendly_2 0
[08/16/23 22:53:27] Kill: 0 0 head 35.00
[08/16/23 22:53:29] Kill: 0 0 None 41.00
[08/16/23 22:53:40] Kill: 0 0 elbow_R 36.00
[08/16/23 22:53:41] Kill: 0 0 spine2 58.00
[08/16/23 22:53:44] Kill: 0 0 shoulder_R 42.00
[08/16/23 22:53:55] Kill: 0 0 shoulder_L 37.00
[08/16/23 22:53:58] Kill: 0 0 spine2 59.00
[08/16/23 22:53:58] Kill: 0 0 None 38.00
[08/16/23 22:54:01] Flag: flag_ret_friendly_2 0
[08/16/23 22:54:01] Kill: 0 0 spine3 37.00
[08/16/23 22:54:08] Kill: 0 0 spine3 48.00
[08/16/23 22:54:09] Kill: 0 0 elbow_R 60.00
[08/16/23 22:54:16] Kill: 0 0 elbow_L 43.00
[08/16/23 22:54:21] Kill: 0 0 elbow_R 61.00
[08/16/23 22:54:23] Kill: 0 0 None 44.00
[08/16/23 22:54:24] Kill: 0 0 elbow_R 32.00
[08/16/23 22:54:33] Kill: 0 0 elbow_R 49.00
[08/16/23 22:54:40] Kill: 0 0 elbow_L 27.00
[08/16/23 22:54:47] Kill: 0 0 elbow_R 45.00
[08/16/23 22:54:59] Kill: 0 0 elbow_L 62.00
[08/16/23 22:55:00] Kill: 0 0 elbow_R 46.00
[08/16/23 22:55:01] Kill: 0 0 head 50.00
[08/16/23 22:55:09] Kill: 0 0 hip_R 51.00
[08/16/23 22:55:09] Kill: 0 0 spine3 33.00
[08/16/23 22:55:13] Kill: 0 0 spine2 38.00
[08/16/23 22:55:18] Kill: 0 0 hip_L 28.00
[08/16/23 22:55:32] Kill: 0 0 elbow_R 27.00
[08/16/23 22:55:36] Kill: 0 0 shoulder_R 63.00
[08/16/23 22:55:36] Kill: 0 0 head 39.00
[08/16/23 22:55:45] Kill: 0 0 spine3 52.00
[08/16/23 22:55:50] Kill: 0 0 pelvis 28.00
[08/16/23 22:55:52] Kill: 0 0 head 34.00
[08/16/23 22:55:56] Kill: 0 0 elbow_L 40.00
[08/16/23 22:56:01] Kill: 0 0 None 35.00
[08/16/23 22:56:02] Kill: 0 0 knee_L 64.00
[08/16/23 22:56:04] Kill: 0 0 spine3 41.00
[08/16/23 22:56:11] Kill: 0 0 elbow_R 42.00
[08/16/23 22:56:14] Flag: flag_cap_final_5 0
[08/16/23 22:56:14] Flag: flag_captured 1 1.00
[08/16/23 22:56:17] Kill: 0 0 spine3 65.00
[08/16/23 22:56:23] Kill: 0 0 spine3 52.00
[08/16/23 22:56:27] Kill: 0 0 head 43.00
[08/16/23 22:56:27] Kill: 0 0 pelvis 53.00
[08/16/23 22:56:36] Kill: 0 0 pelvis 36.00
[08/16/23 22:56:44] Kill: 0 0 head 53.00
[08/16/23 22:56:45] Kill: 0 0 shoulder_L 54.00
[08/16/23 22:56:51] Kill: 0 0 spine3 66.00
[08/16/23 22:56:54] Kill: 0 0 head 37.00
[08/16/23 22:56:57] Kill: 0 0 hip_R 67.00
[08/16/23 22:57:08] Kill: 0 0 elbow_L 44.00
[08/16/23 22:57:11] Kill: 0 0 elbow_L 55.00
[08/16/23 22:57:18] Kill: 0 0 elbow_L 68.00
[08/16/23 22:57:22] Kill: 0 0 hip_L 38.00
[08/16/23 22:57:36] Kill: 0 0 spine3 69.00
[08/16/23 22:57:36] Kill: 0 0 None 45.00
[08/16/23 22:57:40] Kill: 0 0 shoulder_R 70.00
[08/16/23 22:57:51] Kill: 0 0 elbow_L 29.00
[08/16/23 22:57:52] Kill: 0 0 spine3 54.00
[08/16/23 22:57:52] Kill: 0 0 elbow_R 56.00
[08/16/23 22:57:54] Kill: 0 0 hip_L 55.00
[08/16/23 22:57:56] Kill: 0 0 shoulder_L 71.00
[08/16/23 22:58:07] Kill: 0 0 hip_L 39.00
[08/16/23 22:58:10] Kill: 0 0 head 46.00
[08/16/23 22:58:16] Kill: 0 0 head 57.00
[08/16/23 22:58:18] Kill: 0 0 spine3 58.00
[08/16/23 22:58:21] Kill: 0 0 head 56.00
[08/16/23 22:58:29] Kill: 0 0 None 72.00
[08/16/23 22:58:31] Kill: 0 0 elbow_L 73.00
[08/16/23 22:58:42] Kill: 0 0 spine2 40.00
[08/16/23 22:58:43] Kill: 0 0 head 74.00
[08/16/23 22:58:43] Flag: flag_ret_friendly_2 0
[08/16/23 22:58:46] Kill: 0 0 head 75.00
[08/16/23 22:58:46] Kill: 0 0 hip_L 57.00
[08/16/23 22:58:55] Kill: 0 0 elbow_R 47.00
[08/16/23 22:58:57] Flag: flag_ret_friendly_2 0
[08/16/23 22:59:09] Kill: 0 0 spine3 59.00
[08/16/23 22:59:20] Kill: 0 0 head 60.00
[08/16/23 22:59:28] Kill: 0 0 pelvis 48.00
[08/16/23 22:59:34] Kill: 0 0 spine2 43.00
[08/16/23 22:59:34] Kill: 0 0 None 49.00
[08/16/23 22:59:41] Kill: 0 0 None 61.00
[08/16/23 22:59:44] Kill: 0 0 elbow_L 30.00
[08/16/23 22:59:44] Kill: 0 0 None 29.00
[08/16/23 22:59:55] Kill: 0 0 hip_R 62.00
[08/16/23 22:59:58] Kill: 0 0 pelvis 60.00
[08/16/23 23:00:02] Kill: 0 0 head 63.00
[08/16/23 23:00:10] Kill: 0 0 pelvis 30.00
[08/16/23 23:00:11] Flag: flag_ret_friendly_2 0
[08/16/23 23:00:11] Kill: 0 0 None 64.00
[08/16/23 23:00:28] Kill: 0 0 elbow_R 76.00
[08/16/23 23:00:29] Kill: 0 0 spine3 65.00
[08/16/23 23:00:33] Kill: 0 0 elbow_L 66.00
[08/16/23 23:00:35] Kill: 0 0 shoulder_R 44.00
[08/16/23 23:00:41] Kill: 0 0 pelvis 61.00
[08/16/23 23:00:46] Kill: 0 0 knee_L 62.00
[08/16/23 23:00:48] Kill: 0 0 spine3 67.00
[08/16/23 23:00:55] Kill: 0 0 None 63.00
[08/16/23 23:01:00] Kill: 0 0 head 77.00
[08/16/23 23:01:01] Kill: 0 0 spine3 76.00
[08/16/23 23:01:08] Kill: 0 0 spine3 77.00
[08/16/23 23:01:13] Kill: 0 0 shoulder_L 64.00
[08/16/23 23:01:20] Kill: 0 0 elbow_L 45.00
[08/16/23 23:01:20] Kill: 0 0 hip_L 78.00
[08/16/23 23:01:22] Kill: 0 0 None 68.00
[08/16/23 23:01:24] Flag: flag_ret_friendly_2 0
[08/16/23 23:01:30] Kill: 0 0 head 48.00
[08/16/23 23:01:31] Kill: 0 0 spine3 77.00
[08/16/23 23:01:37] Kill: 0 0 spine2 46.00
[08/16/23 23:01:45] Kill: 0 0 shoulder_L 33.00
[08/16/23 23:01:47] Kill: 0 0 spine2 78.00
[08/16/23 23:01:53] Kill: 0 0 spine3 79.00
[08/16/23 23:02:00] Kill: 0 0 head 71.00
[08/16/23 23:02:05] Kill: 0 0 head 80.00
[08/16/23 23:02:12] Kill: 0 0 knee_R 47.00
[08/16/23 23:02:23] Kill: 0 0 spine2 72.00
[08/16/23 23:02:29] Kill: 0 0 hip_L 65.00
[08/16/23 23:02:33] Kill: 0 0 head 81.00
[08/16/23 23:02:37] Kill: 0 0 knee_L 48.00
[08/16/23 23:02:41] Kill: 0 0 pelvis 82.00
[08/16/23 23:02:41] Kill: 0 0 head 73.00
[08/16/23 23:02:43] Flag: flag_ret_friendly_2 0
[08/16/23 23:02:45] Kill: 0 0 spine3 49.00
[08/16/23 23:02:52] Kill: 0 0 elbow_L 66.00
[08/16/23 23:02:59] Kill: 0 0 head 49.00
[08/16/23 23:03:13] Kill: 0 0 elbow_R 67.00
[08/16/23 23:03:15] Kill: 0 0 pelvis 83.00
[08/16/23 23:03:18] Kill: 0 0 knee_R 50.00
[08/16/23 23:03:21] Kill: 0 0 head 68.00
[08/16/23 23:03:27] Kill: 0 0 elbow_L 50.00
[08/16/23 23:03:35] Kill: 0 0 elbow_R 51.00
[08/16/23 23:03:37] Kill: 0 0 spine2 76.00
[08/16/23 23:03:51] Kill: 0 0 spine2 69.00
[08/16/23 23:04:03] Kill: 0 0 None 34.00
[08/16/23 23:04:03] Kill: 0 0 None 51.00
[08/16/23 23:04:04] Kill: 0 0 shoulder_R 52.00
[08/16/23 23:04:18] Kill: 0 0 elbow_R 35.00
[08/16/23 23:04:29] Kill: 0 0 spine2 77.00
[08/16/23 23:04:31] Kill: 0 0 elbow_L 52.00
[08/16/23 23:04:40] Kill: 0 0 spine2 84.00
[08/16/23 23:04:43] Kill: 0 0 spine2 70.00
[08/16/23 23:04:45] Kill: 0 0 spine2 36.00
[08/16/23 23:04:53] Kill: 0 0 spine3 78.00
[08/16/23 23:04:53] Kill: 0 0 spine3 85.00
[08/16/23 23:05:04] Kill: 0 0 elbow_L 37.00
[08/16/23 23:05:06] Kill: 0 0 hip_L 53.00
[08/16/23 23:05:13] Kill: 0 0 elbow_L 71.00
[08/16/23 23:05:15] Kill: 0 0 spine3 79.00
[08/16/23 23:05:27] Kill: 0 0 None 38.00
[08/16/23 23:05:32] Kill: 0 0 elbow_L 80.00
[08/16/23 23:05:35] Kill: 0 0 head 53.00
[08/16/23 23:05:42] Kill: 0 0 spine3 86.00
[08/16/23 23:05:49] Kill: 0 0 spine2 72.00
[08/16/23 23:05:55] Kill: 0 0 None 81.00
[08/16/23 23:05:56] Kill: 0 0 head 87.00
[08/16/23 23:06:01] Kill: 0 0 shoulder_R 88.00
[08/16/23 23:06:01] Kill: 0 0 None 54.00
[08/16/23 23:06:06] Kill: 0 0 pelvis 82.00
[08/16/23 23:06:09] Flag: flag_ret_friendly_2 0
[08/16/23 23:06:21] Kill: 0 0 head 73.00
[08/16/23 23:06:22] Kill: 0 0 hip_R 54.00
[08/16/23 23:06:22] Kill: 0 0 None 89.00
[08/16/23 23:06:29] Kill: 0 0 pelvis 90.00
[08/16/23 23:06:32] Kill: 0 0 head 85.00
[08/16/23 23:06:38] Kill: 0 0 head 74.00
[08/16/23 23:06:41] Kill: 0 0 shoulder_R 55.00
[08/16/23 23:06:42] Kill: 0 0 spine2 75.00
[08/16/23 23:06:46] Flag: flag_cap_final_5 0
[08/16/23 23:06:46] Flag: flag_captured 0 3.00
[08/16/23 23:06:46] EndGame: teamscorelimit
[08/16/23 23:07:00] EndGame: mapchange
[08/16/23 23:07:04] Leave: 0
[08/16/23 23:07:04] Leave: 0
[08/16/23 23:07:04] Leave: 0
[08/16/23 23:07:04] Leave: 0
[08/16/23 23:07:04] Leave: 0
[08/16/23 23:07:04] Leave: 0
[08/16/23 23:09:36] Map: ctf_compound
[08/16/23 23:09:36] GameMode: ModMPGame.TAGCTFGame
[08/16/23 23:09:36] Team: team_list 0 :  (0,Azure) (0,Twrch) (0,Skate)
[08/16/23 23:09:36] Team: team_list 1 :  (0,Deks) (0,Husky) (0,-=TAG=-Helios™)
[08/16/23 23:09:36] StartGame: Match is live
[08/16/23 23:09:45] Kill: 0 0 head 0.00
[08/16/23 23:09:47] Kill: 0 0 None 0.00
[08/16/23 23:09:48] Kill: 0 0 head 0.00
[08/16/23 23:10:02] Kill: 0 0 hip_R 1.00
[08/16/23 23:10:03] Kill: 0 0 spine3 1.00
[08/16/23 23:10:05] Kill: 0 0 shoulder_L 0.00
[08/16/23 23:10:10] Kill: 0 0 spine2 2.00
[08/16/23 23:10:27] Kill: 0 0 hip_L 0.00
[08/16/23 23:10:30] Kill: 0 0 head 2.00
[08/16/23 23:10:36] Kill: 0 0 pelvis 3.00
[08/16/23 23:10:37] Kill: 0 0 elbow_L 1.00
[08/16/23 23:10:41] Kill: 0 0 pelvis 3.00
[08/16/23 23:10:46] Kill: 0 0 head 4.00
[08/16/23 23:10:47] Kill: 0 0 head 1.00
[08/16/23 23:10:53] Kill: 0 0 head 5.00
[08/16/23 23:11:03] Kill: 0 0 None 0.00
[08/16/23 23:11:03] Kill: 0 0 head 6.00
[08/16/23 23:11:09] Kill: 0 0 hip_R 1.00
[08/16/23 23:11:23] Kill: 0 0 spine2 2.00
[08/16/23 23:11:26] Kill: 0 0 head 2.00
[08/16/23 23:11:36] Kill: 0 0 spine3 3.00
[08/16/23 23:11:37] Kill: 0 0 pelvis 3.00
[08/16/23 23:11:38] Flag: flag_cap_final_5 0
[08/16/23 23:11:38] Flag: flag_captured 1 1.00
[08/16/23 23:11:54] Kill: 0 0 None 4.00
[08/16/23 23:12:00] Kill: 0 0 None 4.00
[08/16/23 23:12:02] Kill: 0 0 pelvis 7.00
[08/16/23 23:12:07] Kill: 0 0 hip_L 5.00
[08/16/23 23:12:12] Kill: 0 0 None 8.00
[08/16/23 23:12:14] Kill: 0 0 spine2 5.00
[08/16/23 23:12:17] Flag: flag_cap_final_5 0
[08/16/23 23:12:17] Flag: flag_captured 1 2.00
[08/16/23 23:12:26] Kill: 0 0 head -1.00
[08/16/23 23:12:30] Kill: 0 0 spine3 2.00
[08/16/23 23:12:32] Kill: 0 0 None 9.00
[08/16/23 23:12:35] Kill: 0 0 head 0.00
[08/16/23 23:12:37] Kill: 0 0 head 6.00
[08/16/23 23:12:40] Kill: 0 0 elbow_R 6.00
[08/16/23 23:12:43] Kill: 0 0 shoulder_R 7.00
[08/16/23 23:12:48] Flag: flag_ret_friendly_2 0
[08/16/23 23:12:49] Kill: 0 0 head 10.00
[08/16/23 23:12:51] Kill: 0 0 None 3.00
[08/16/23 23:12:58] Kill: 0 0 elbow_R 1.00
[08/16/23 23:13:03] Kill: 0 0 knee_R 4.00
[08/16/23 23:13:03] Kill: 0 0 None 2.00
[08/16/23 23:13:14] Kill: 0 0 elbow_R 3.00
[08/16/23 23:13:17] Kill: 0 0 None 10.00
[08/16/23 23:13:20] Kill: 0 0 knee_L 11.00
[08/16/23 23:13:22] Flag: flag_ret_friendly_2 0
[08/16/23 23:13:26] Kill: 0 0 head 7.00
[08/16/23 23:13:31] Kill: 0 0 head 4.00
[08/16/23 23:13:34] Kill: 0 0 shoulder_L 14.00
[08/16/23 23:13:45] Kill: 0 0 elbow_L 13.00
[08/16/23 23:13:47] Kill: 0 0 None 8.00
[08/16/23 23:14:04] Kill: 0 0 None 5.00
[08/16/23 23:14:04] Kill: 0 0 None 6.00
[08/16/23 23:14:07] Kill: 0 0 spine2 5.00
[08/16/23 23:14:08] Flag: flag_ret_friendly_2 0
[08/16/23 23:14:18] Kill: 0 0 spine2 14.00
[08/16/23 23:14:20] Kill: 0 0 pelvis 9.00
[08/16/23 23:14:26] Kill: 0 0 None 15.00
[08/16/23 23:14:32] Kill: 0 0 elbow_L 16.00
[08/16/23 23:14:36] Kill: 0 0 hip_L 6.00
[08/16/23 23:14:41] Kill: 0 0 spine2 17.00
[08/16/23 23:14:44] Kill: 0 0 None 18.00
[08/16/23 23:14:56] Kill: 0 0 spine3 10.00
[08/16/23 23:14:57] Kill: 0 0 head 19.00
[08/16/23 23:15:21] Kill: 0 0 spine2 9.00
[08/16/23 23:15:23] Kill: 0 0 elbow_L 20.00
[08/16/23 23:15:30] Kill: 0 0 spine2 21.00
[08/16/23 23:15:33] Kill: 0 0 None 11.00
[08/16/23 23:15:37] Flag: flag_ret_friendly_2 0
[08/16/23 23:15:44] Kill: 0 0 head 11.00
[08/16/23 23:15:45] Kill: 0 0 head 22.00
[08/16/23 23:15:49] Kill: 0 0 None 12.00
[08/16/23 23:15:55] Kill: 0 0 spine3 9.00
[08/16/23 23:15:57] Kill: 0 0 None 12.00
[08/16/23 23:15:58] Kill: 0 0 head 9.00
[08/16/23 23:16:08] Kill: 0 0 elbow_R 10.00
[08/16/23 23:16:12] Kill: 0 0 None 23.00
[08/16/23 23:16:17] Kill: 0 0 None 13.00
[08/16/23 23:16:19] Kill: 0 0 spine3 10.00
[08/16/23 23:16:21] Flag: flag_ret_friendly_2 0
[08/16/23 23:16:28] Kill: 0 0 None 13.00
[08/16/23 23:16:29] Kill: 0 0 pelvis 13.00
[08/16/23 23:16:31] Kill: 0 0 head 12.00
[08/16/23 23:16:39] Kill: 0 0 hip_R 13.00
[08/16/23 23:16:43] Kill: 0 0 spine3 14.00
[08/16/23 23:16:48] Kill: 0 0 elbow_L 14.00
[08/16/23 23:16:57] Kill: 0 0 None 12.00
[08/16/23 23:17:02] Kill: 0 0 spine2 15.00
[08/16/23 23:17:09] Kill: 0 0 spine3 13.00
[08/16/23 23:17:10] Flag: flag_ret_friendly_2 0
[08/16/23 23:17:14] Kill: 0 0 spine2 14.00
[08/16/23 23:17:22] Kill: 0 0 hip_L 14.00
[08/16/23 23:17:28] Kill: 0 0 elbow_R 24.00
[08/16/23 23:17:29] Kill: 0 0 spine3 13.00
[08/16/23 23:17:32] Kill: 0 0 spine2 14.00
[08/16/23 23:17:41] Kill: 0 0 elbow_L 15.00
[08/16/23 23:17:41] Kill: 0 0 None 25.00
[08/16/23 23:17:44] Kill: 0 0 shoulder_L 16.00
[08/16/23 23:17:44] Kill: 0 0 None 16.00
[08/16/23 23:17:48] Kill: 0 0 head 15.00
[08/16/23 23:18:01] Kill: 0 0 knee_L 26.00
[08/16/23 23:18:03] Flag: flag_ret_friendly_2 0
[08/16/23 23:18:04] Kill: 0 0 head 15.00
[08/16/23 23:18:07] Kill: 0 0 spine3 17.00
[08/16/23 23:18:13] Kill: 0 0 head 16.00
[08/16/23 23:18:13] Kill: 0 0 None 15.00
[08/16/23 23:18:26] Kill: 0 0 spine3 17.00
[08/16/23 23:18:27] Kill: 0 0 elbow_L 29.00
[08/16/23 23:18:32] Kill: 0 0 shoulder_R 18.00
[08/16/23 23:18:34] Flag: flag_ret_friendly_2 0
[08/16/23 23:18:35] Kill: 0 0 pelvis 18.00
[08/16/23 23:18:49] Kill: 0 0 shoulder_L 30.00
[08/16/23 23:18:50] Kill: 0 0 head 21.00
[08/16/23 23:18:51] Kill: 0 0 spine2 31.00
[08/16/23 23:18:53] Flag: flag_ret_friendly_2 0
[08/16/23 23:18:59] Kill: 0 0 head 17.00
[08/16/23 23:19:06] Kill: 0 0 pelvis 32.00
[08/16/23 23:19:08] Kill: 0 0 None 16.00
[08/16/23 23:19:15] Kill: 0 0 spine3 21.00
[08/16/23 23:19:32] Kill: 0 0 shoulder_L 18.00
[08/16/23 23:19:39] Kill: 0 0 head 19.00
[08/16/23 23:19:45] Kill: 0 0 head 33.00
[08/16/23 23:19:51] Kill: 0 0 head 22.00
[08/16/23 23:19:56] Kill: 0 0 elbow_L 16.00
[08/16/23 23:20:02] Kill: 0 0 head 22.00
[08/16/23 23:20:14] Kill: 0 0 None 15.00
[08/16/23 23:20:18] Kill: 0 0 elbow_R 20.00
[08/16/23 23:20:22] Kill: 0 0 spine3 23.00
[08/16/23 23:20:24] Kill: 0 0 head 24.00
[08/16/23 23:20:27] Kill: 0 0 elbow_R 16.00
[08/16/23 23:20:34] Flag: flag_ret_friendly_2 0
[08/16/23 23:20:39] Kill: 0 0 hip_R 17.00
[08/16/23 23:20:43] Kill: 0 0 elbow_R 36.00
[08/16/23 23:20:43] Kill: 0 0 spine2 18.00
[08/16/23 23:20:45] Kill: 0 0 spine3 25.00
[08/16/23 23:20:59] Kill: 0 0 head 23.00
[08/16/23 23:21:06] Kill: 0 0 spine2 21.00
[08/16/23 23:21:15] Kill: 0 0 elbow_R 37.00
[08/16/23 23:21:18] Kill: 0 0 hip_L 19.00
[08/16/23 23:21:19] Flag: flag_ret_friendly_2 0
[08/16/23 23:21:23] Kill: 0 0 spine2 24.00
[08/16/23 23:21:23] Kill: 0 0 elbow_L 38.00
[08/16/23 23:21:35] Kill: 0 0 None 22.00
[08/16/23 23:21:37] Kill: 0 0 hip_L 39.00
[08/16/23 23:21:43] Kill: 0 0 head 23.00
[08/16/23 23:21:47] Kill: 0 0 elbow_R 26.00
[08/16/23 23:21:55] Kill: 0 0 spine2 40.00
[08/16/23 23:22:00] Kill: 0 0 head 22.00
[08/16/23 23:22:05] Kill: 0 0 spine3 25.00
[08/16/23 23:22:24] Kill: 0 0 head 27.00
[08/16/23 23:22:30] Kill: 0 0 head 24.00
[08/16/23 23:22:45] Kill: 0 0 pelvis 28.00
[08/16/23 23:22:46] Kill: 0 0 shoulder_R 26.00
[08/16/23 23:22:47] Kill: 0 0 spine2 41.00
[08/16/23 23:22:57] Kill: 0 0 spine2 29.00
[08/16/23 23:23:06] Flag: flag_cap_final_5 0
[08/16/23 23:23:06] Flag: flag_captured 1 3.00
[08/16/23 23:23:06] EndGame: teamscorelimit
[08/16/23 23:23:15] Leave: 0
[08/16/23 23:23:16] Leave: 0
[08/16/23 23:23:19] Leave: 0
[08/16/23 23:23:21] EndGame: mapchange
[08/16/23 23:23:21] Leave: 0
[08/16/23 23:23:25] Leave: 0
[08/16/23 23:23:25] Leave: 0
